Change Component Designator: OldDesignator=S1 NewDesignator=S2
Added Component: Designator=S1(SLW8645475ARAD)
Add component (AddParameter): Name = "Arrow Part Number"; Value = "SLW-864547-5A-RA-D"; VariantName = "[No Variations]"
Add component (AddParameter): Name = "Arrow Price/Stock"; Value = "https://www.arrow.com/en/products/slw-864547-5a-ra-d/cui-devices?region=nac"; VariantName = "[No Variations]"
Add component (AddParameter): Name = "Datasheet Link"; Value = "https://www.cuidevices.com/product/resource/slw-864547-5a-ra-d.pdf"; VariantName = "[No Variations]"
Add component (AddParameter): Name = "Height"; Value = "4.9mm"; VariantName = "[No Variations]"
Add component (AddParameter): Name = "Manufacturer_Name"; Value = "CUI Devices"; VariantName = "[No Variations]"
Add component (AddParameter): Name = "Manufacturer_Part_Number"; Value = "SLW-864547-5A-RA-D"; VariantName = "[No Variations]"
Add component (AddParameter): Name = "Mouser Part Number"; Value = "179-SLW-864547-5ARAD"; VariantName = "[No Variations]"
Add component (AddParameter): Name = "Mouser Price/Stock"; Value = "https://www.mouser.co.uk/ProductDetail/CUI-Devices/SLW-864547-5A-RA-D?qs=1Kr7Jg1SGW%252Bn%2FarYZIP3WQ%3D%3D"; VariantName = "[No Variations]"
Added Pin To Net: NetName=VBat Pin=S1-2
Added Pin To Net: NetName=VRaw Pin=S1-3
Added Member To Class: ClassName=Top Level Member=Component S2 5MS1S102AM6QES
Added Rule: Name=Schematic Width Constraint_59
Added Rule: Name=Schematic Width Constraint_60
Added Rule: Name=Schematic Width Constraint_61
Added Rule: Name=Schematic Width Constraint_62
Added Rule: Name=Schematic Width Constraint_63
Added Rule: Name=Schematic Width Constraint_64
Added Rule: Name=Schematic Width Constraint_65
Added Rule: Name=Schematic Width Constraint_66
Added Rule: Name=Schematic Width Constraint_67
Added Rule: Name=Schematic Width Constraint_68
Added Rule: Name=Schematic Width Constraint_69
Added Rule: Name=Schematic Width Constraint_70
Added Rule: Name=Schematic Width Constraint_71
Added Rule: Name=Schematic Width Constraint_72
Added Rule: Name=Schematic Width Constraint_73
Added Rule: Name=Schematic Width Constraint_74
Added Rule: Name=Schematic Width Constraint_75
Added Rule: Name=Schematic Width Constraint_76
Added Rule: Name=Schematic Width Constraint_77
Added Rule: Name=Schematic Width Constraint_78
