Removed Pin From Net: NetName=3V3 Pin=R?-1
Removed Pin From Net: NetName=3V3 Pin=R?-2
Change Component Footprint: Designator=R? Old Footprint=FP-RT0603-MFG New Footprint=FP-RT1206-MFG
Change Component Comment : Designator=R? Old Comment=RT0603FRE0710KL New Comment=RT1206FRD0710KL
Change Managed Component Library Link : Designator=R? Old VaultGUID=B7D15EC3-160A-466F-A46C-7801FE6295A7 New VaultGUID=B7D15EC3-160A-466F-A46C-7801FE6295A7 Old ItemGUID=F0D75193-296F-4A0C-86E3-60819A07A252 New ItemGUID=4AC94356-AE54-4065-92AB-CF62C6B9DF09 Old RevisionGUID=691ACFDD-D8D1-4FD6-A19F-E18892A68FDE New RevisionGUID=263276AF-68DD-4D3F-A257-ABE0062682EF
Change component parameters: Designator = "R?" ("R?"); Footprint = "FP-RT0603-MFG"; UniqueID = "\LZITEJKQ\SGTPKBNO" ("\LZITEJKQ\SGTPKBNO")
Change component parameters (AddParameter): Name = "Automotive"; Value = "No"; VariantName = "[No Variations]"
Change component parameters (AddParameter): Name = "Category"; Value = "Res"; VariantName = "[No Variations]"
Change component parameters (AddParameter): Name = "ComponentLink2Description"; Value = "Datasheet"; VariantName = "[No Variations]"
Change component parameters (AddParameter): Name = "ComponentLink2URL"; Value = "http://www.yageo.com/documents/recent/PYu-RT_1-to-0.01_RoHS_L_9.pdf"; VariantName = "[No Variations]"
Change component parameters (AddParameter): Name = "Composition"; Value = "Thin Film"; VariantName = "[No Variations]"
Change component parameters (AddParameter): Name = "Device Class L1"; Value = "Passive Components"; VariantName = "[No Variations]"
Change component parameters (AddParameter): Name = "Device Class L2"; Value = "Resistors"; VariantName = "[No Variations]"
Change component parameters (AddParameter): Name = "Device Class L3"; Value = "Chip SMD Resistors"; VariantName = "[No Variations]"
Change component parameters (AddParameter): Name = "Digikey Description"; Value = "RES SMD 10K OHM 1% 1/4W 1206"; VariantName = "[No Variations]"
Change component parameters (AddParameter): Name = "Footprint Url"; Value = "http://www.yageo.com/exep/pages/download/literatures/PYu-R_Mount_10.pdf"; VariantName = "[No Variations]"
Change component parameters (AddParameter): Name = "Height"; Value = "0.65mm"; VariantName = "[No Variations]"
Change component parameters (AddParameter): Name = "Ipc Land Pattern Name"; Value = "RESC310160X55"; VariantName = "[No Variations]"
Change component parameters (AddParameter): Name = "Lead Free"; Value = "Yes"; VariantName = "[No Variations]"
Change component parameters (AddParameter): Name = "Manufacturer"; Value = "Yageo"; VariantName = "[No Variations]"
Change component parameters (AddParameter): Name = "Manufacturer Part Number"; Value = "RT1206FRD0710KL"; VariantName = "[No Variations]"
Change component parameters (AddParameter): Name = "Octopart"; Value = "https://octopart.com/rt1206frd0710kl-yageo-71404185"; VariantName = "[No Variations]"
Change component parameters (AddParameter): Name = "Package"; Value = "RT1206"; VariantName = "[No Variations]"
Change component parameters (AddParameter): Name = "Power Rating"; Value = "0.25W"; VariantName = "[No Variations]"
Change component parameters (AddParameter): Name = "Resistance"; Value = "10KO"; VariantName = "[No Variations]"
Change component parameters (AddParameter): Name = "RoHS"; Value = "TRUE"; VariantName = "[No Variations]"
Change component parameters (AddParameter): Name = "Series"; Value = "RT"; VariantName = "[No Variations]"
Change component parameters (AddParameter): Name = "Temperature"; Value = "-55°C to +155°C"; VariantName = "[No Variations]"
Change component parameters (AddParameter): Name = "Temperature Coefficient"; Value = "25 ppm/°C"; VariantName = "[No Variations]"
Change component parameters (AddParameter): Name = "Temperature Range High"; Value = "+155°C"; VariantName = "[No Variations]"
Change component parameters (AddParameter): Name = "Temperature Range Low"; Value = "-55°C"; VariantName = "[No Variations]"
Change component parameters (AddParameter): Name = "Tolerance"; Value = "0.0002"; VariantName = "[No Variations]"
Change component parameters (AddParameter): Name = "Value"; Value = "10KO"; VariantName = "[No Variations]"
Change component parameters (AddParameter): Name = "Voltage Rating"; Value = "200V"; VariantName = "[No Variations]"
Added Pin To Net: NetName=3V3 Pin=R?-2
Added Pin To Net: NetName=NRST Pin=R?-1
Added Pin To Net: NetName=NRST Pin=U2-4
Added Pin To Net: NetName=NRST Pin=U2-11
Added Net: Name=NRST
Added Rule: Name=Schematic Width Constraint_16
Added Rule: Name=Schematic Width Constraint_79
Added Rule: Name=Schematic Width Constraint_86
Added Rule: Name=Schematic Width Constraint_87
