Removed Member From Class: ClassName=U_Gyroscope Member=R4
Change Component Designator: OldDesignator=R2 NewDesignator=R1
Change Component Designator: OldDesignator=R3 NewDesignator=R2
Change Component Designator: OldDesignator=R4 NewDesignator=R3
Change Component Designator: OldDesignator=R5 NewDesignator=R4
Change Component Designator: OldDesignator=R6 NewDesignator=R5
Change Component Designator: OldDesignator=R7 NewDesignator=R6
Change Component Designator: OldDesignator=R8 NewDesignator=R7
Change Component Designator: OldDesignator=R9 NewDesignator=R8
Change Component Designator: OldDesignator=R10 NewDesignator=R9
Change Component Designator: OldDesignator=R11 NewDesignator=R10
Change Component Designator: OldDesignator=R12 NewDesignator=R11
Add Pin To Net: Unknown Pin: Pin R1-1
Change Net Name : Old Net Name=NetR4_1 New Net Name=NetR3_1
Change Net Name : Old Net Name=NetR5_1 New Net Name=NetR4_1
Change Net Name : Old Net Name=NetR6_1 New Net Name=NetR5_1
Change Net Name : Old Net Name=NetR7_1 New Net Name=NetR6_1
Change Net Name : Old Net Name=NetR8_1 New Net Name=NetR7_1
Add Net: Net with name "5V" already exists
Added Member To Class: ClassName=U_Gyroscope Member=Component R1 RK73B2BTTD222J
Added Member To Class: ClassName=U_Gyroscope Member=Component R2 RK73B2BTTD222J
Added Member To Class: ClassName=U_RS485 Member=Component R4 RK73H2BTTD4701F
Added Member To Class: ClassName=U_RS485 Member=Component R5 RK73H2BTTD4701F
Added Member To Class: ClassName=U_RS485 Member=Component R6 RK73H2BTTD4701F
Added Member To Class: ClassName=U_RS485 Member=Component R7 RK73H2BTTD4701F
Added Member To Class: ClassName=U_RS485 Member=Component R8 RK73B2BTTD222J
