Add Component: Footprint Not Found TEENSY41
Add Component: Footprint Not Found SOT230P700X180-4N
Add Component: Footprint Not Found SOT95P275X110-6N
Add Component: Footprint Not Found SOT95P275X110-6N
Add Component: Footprint Not Found SOT95P275X110-6N
Add Component: Footprint Not Found SOT95P275X110-6N
Add Component: Footprint Not Found 95503-6451-Footprint-1
Add Component: Footprint Not Found 95503-6451-Footprint-1
Add Component: Footprint Not Found 95503-6891
Add Component: Footprint Not Found 95503-6891
Add Pin To Net: Unknown Pin: Pin 1-0-RX1/CS1/CRX2
Add Pin To Net: Unknown Pin: Pin 1-1-TX1/MISO1/CTX2
Add Pin To Net: Unknown Pin: Pin 1-16-A2/RX4/SCL1
Add Pin To Net: Unknown Pin: Pin 1-17-A3/TX4/SDA1
Add Pin To Net: Unknown Pin: Pin 1-25-A11/RX6/SDA2
Add Pin To Net: Unknown Pin: Pin 1-26-A12/MOSI1
Add Pin To Net: Unknown Pin: Pin 1-27-A13/SCK1
Add Pin To Net: Unknown Pin: Pin 1-28-RX7
Add Pin To Net: Unknown Pin: Pin 1-29-TX7
Add Pin To Net: Unknown Pin: Pin 1-30-CRX3
Add Pin To Net: Unknown Pin: Pin 1-31-CTX3
Add Pin To Net: Unknown Pin: Pin 1-32-OUT1B
Add Pin To Net: Unknown Pin: Pin 1-GND1
Add Pin To Net: Unknown Pin: Pin 1-GND2
Add Pin To Net: Unknown Pin: Pin 1-GND3
Add Pin To Net: Unknown Pin: Pin 1-GND4
Add Pin To Net: Unknown Pin: Pin 1-GND5
Add Pin To Net: Unknown Pin: Pin 1-GND6
Add Pin To Net: Unknown Pin: Pin 1-VIN
Add Pin To Net: Unknown Pin: Pin IC1-1
Add Pin To Net: Unknown Pin: Pin IC1-2
Add Pin To Net: Unknown Pin: Pin IC1-3
Add Pin To Net: Unknown Pin: Pin IC1-4
Add Pin To Net: Unknown Pin: Pin IC2-1
Add Pin To Net: Unknown Pin: Pin IC2-2
Add Pin To Net: Unknown Pin: Pin IC2-3
Add Pin To Net: Unknown Pin: Pin IC2-4
Add Pin To Net: Unknown Pin: Pin IC2-5
Add Pin To Net: Unknown Pin: Pin IC2-6
Add Pin To Net: Unknown Pin: Pin IC3-1
Add Pin To Net: Unknown Pin: Pin IC3-2
Add Pin To Net: Unknown Pin: Pin IC3-3
Add Pin To Net: Unknown Pin: Pin IC3-4
Add Pin To Net: Unknown Pin: Pin IC3-5
Add Pin To Net: Unknown Pin: Pin IC3-6
Add Pin To Net: Unknown Pin: Pin IC4-1
Add Pin To Net: Unknown Pin: Pin IC4-2
Add Pin To Net: Unknown Pin: Pin IC4-3
Add Pin To Net: Unknown Pin: Pin IC4-4
Add Pin To Net: Unknown Pin: Pin IC4-5
Add Pin To Net: Unknown Pin: Pin IC4-6
Add Pin To Net: Unknown Pin: Pin IC5-1
Add Pin To Net: Unknown Pin: Pin IC5-2
Add Pin To Net: Unknown Pin: Pin IC5-3
Add Pin To Net: Unknown Pin: Pin IC5-4
Add Pin To Net: Unknown Pin: Pin IC5-5
Add Pin To Net: Unknown Pin: Pin IC5-6
Add Pin To Net: Unknown Pin: Pin J1-1
Add Pin To Net: Unknown Pin: Pin J1-2
Add Pin To Net: Unknown Pin: Pin J1-3
Add Pin To Net: Unknown Pin: Pin J1-4
Add Pin To Net: Unknown Pin: Pin J2-1
Add Pin To Net: Unknown Pin: Pin J2-2
Add Pin To Net: Unknown Pin: Pin J2-3
Add Pin To Net: Unknown Pin: Pin J2-4
Add Pin To Net: Unknown Pin: Pin J3-1
Add Pin To Net: Unknown Pin: Pin J3-2
Add Pin To Net: Unknown Pin: Pin J3-3
Add Pin To Net: Unknown Pin: Pin J3-4
Add Pin To Net: Unknown Pin: Pin J3-5
Add Pin To Net: Unknown Pin: Pin J3-6
Add Pin To Net: Unknown Pin: Pin J3-7
Add Pin To Net: Unknown Pin: Pin J3-8
Add Pin To Net: Unknown Pin: Pin J4-1
Add Pin To Net: Unknown Pin: Pin J4-2
Add Pin To Net: Unknown Pin: Pin J4-3
Add Pin To Net: Unknown Pin: Pin J4-4
Add Pin To Net: Unknown Pin: Pin J4-5
Add Pin To Net: Unknown Pin: Pin J4-6
Add Pin To Net: Unknown Pin: Pin J4-7
Add Pin To Net: Unknown Pin: Pin J4-8
Add Class Member: Failed to add class member : Component 1 TEENSY41
Add Class Member: Failed to add class member : Component IC1 AZ1117CH2-5.0TRG1
Add Class Member: Failed to add class member : Component IC2 NUD3124DMT1G
Add Class Member: Failed to add class member : Component IC3 NUD3124DMT1G
Add Class Member: Failed to add class member : Component IC4 NUD3124DMT1G
Add Class Member: Failed to add class member : Component IC5 NUD3124DMT1G
Add Class Member: Failed to add class member : Component J1 95503-6451
Add Class Member: Failed to add class member : Component J2 95503-6451
Add Class Member: Failed to add class member : Component J3 95503-6891
Add Class Member: Failed to add class member : Component J4 95503-6891
