Added Component: Designator=J3(95503-6891)
Add component (AddParameter): Name = "Arrow Part Number"; Value = ""; VariantName = "[No Variations]"
Add component (AddParameter): Name = "Arrow Price/Stock"; Value = ""; VariantName = "[No Variations]"
Add component (AddParameter): Name = "Datasheet Link"; Value = "https://datasheet.datasheetarchive.com/originals/distributors/Datasheets-DGA5/408567.pdf"; VariantName = "[No Variations]"
Add component (AddParameter): Name = "Manufacturer_Name"; Value = "Molex"; VariantName = "[No Variations]"
Add component (AddParameter): Name = "Manufacturer_Part_Number"; Value = "95503-6891"; VariantName = "[No Variations]"
Add component (AddParameter): Name = "Mouser Part Number"; Value = "538-95503-6891"; VariantName = "[No Variations]"
Add component (AddParameter): Name = "Mouser Price/Stock"; Value = "https://www.mouser.co.uk/ProductDetail/Molex/95503-6891?qs=MJut%252BdqOEgjIr%252BakMzdZ%252BA%3D%3D"; VariantName = "[No Variations]"
Added Component: Designator=J4(95503-6891)
Add component (AddParameter): Name = "Arrow Part Number"; Value = ""; VariantName = "[No Variations]"
Add component (AddParameter): Name = "Arrow Price/Stock"; Value = ""; VariantName = "[No Variations]"
Add component (AddParameter): Name = "Datasheet Link"; Value = "https://datasheet.datasheetarchive.com/originals/distributors/Datasheets-DGA5/408567.pdf"; VariantName = "[No Variations]"
Add component (AddParameter): Name = "Manufacturer_Name"; Value = "Molex"; VariantName = "[No Variations]"
Add component (AddParameter): Name = "Manufacturer_Part_Number"; Value = "95503-6891"; VariantName = "[No Variations]"
Add component (AddParameter): Name = "Mouser Part Number"; Value = "538-95503-6891"; VariantName = "[No Variations]"
Add component (AddParameter): Name = "Mouser Price/Stock"; Value = "https://www.mouser.co.uk/ProductDetail/Molex/95503-6891?qs=MJut%252BdqOEgjIr%252BakMzdZ%252BA%3D%3D"; VariantName = "[No Variations]"
Added Pin To Net: NetName=VBat Pin=J3-1
Added Pin To Net: NetName=S1G Pin=J3-2
Added Pin To Net: NetName=VBat Pin=J3-3
Added Pin To Net: NetName=S2G Pin=J3-4
Added Pin To Net: NetName=VBat Pin=J3-5
Added Pin To Net: NetName=S3G Pin=J3-6
Added Pin To Net: NetName=VBat Pin=J3-7
Added Pin To Net: NetName=S4G Pin=J3-8
Added Pin To Net: NetName=VBat Pin=J4-1
Added Pin To Net: NetName=S5G Pin=J4-2
Added Pin To Net: NetName=VBat Pin=J4-3
Added Pin To Net: NetName=S6G Pin=J4-4
Added Pin To Net: NetName=VBat Pin=J4-5
Added Pin To Net: NetName=S7G Pin=J4-6
Added Pin To Net: NetName=VBat Pin=J4-7
Added Pin To Net: NetName=S8G Pin=J4-8
Added Member To Class: ClassName=Top Level Member=Component J3 95503-6891
Added Member To Class: ClassName=Top Level Member=Component J4 95503-6891
