Remove Pin=1-0-RX1/CS1/CRX2 From Net=RX
Remove Pin=1-1-TX1/MISO1/CTX2 From Net=TX
Remove Pin=1-16-A2/RX4/SCL1 From Net=SCL1
Remove Pin=1-17-A3/TX4/SDA1 From Net=SDA1
Remove Pin=1-25-A11/RX6/SDA2 From Net=S8C
Remove Pin=1-26-A12/MOSI1 From Net=S7C
Remove Pin=1-27-A13/SCK1 From Net=S6C
Remove Pin=1-28-RX7 From Net=S5C
Remove Pin=1-29-TX7 From Net=S4C
Remove Pin=1-30-CRX3 From Net=S3C
Remove Pin=1-31-CTX3 From Net=S2C
Remove Pin=1-32-OUT1B From Net=S1C
Remove Pin=1-VIN From Net=5V
Remove Pin=2-1 From Net=VBat
Remove Pin=3-1 From Net=5V
Remove Pin=IC1-1 From Net=VBat
Remove Pin=IC1-3 From Net=5V
Remove Pin=J1-1 From Net=RA
Remove Pin=J1-2 From Net=RB
Remove Pin=J1-4 From Net=VBat
Remove Pin=J2-1 From Net=TA
Remove Pin=J2-2 From Net=TB
Remove Pin=J2-4 From Net=VBat
Remove Pin=J3-1 From Net=VBat
Remove Pin=J3-2 From Net=S1G
Remove Pin=J3-3 From Net=VBat
Remove Pin=J3-4 From Net=S2G
Remove Pin=J3-5 From Net=VBat
Remove Pin=J3-6 From Net=S3G
Remove Pin=J3-7 From Net=VBat
Remove Pin=J3-8 From Net=S4G
Remove Pin=J4-1 From Net=VBat
Remove Pin=J4-2 From Net=S5G
Remove Pin=J4-3 From Net=VBat
Remove Pin=J4-4 From Net=S6G
Remove Pin=J4-5 From Net=VBat
Remove Pin=J4-6 From Net=S7G
Remove Pin=J4-7 From Net=VBat
Remove Pin=J4-8 From Net=S8G
Remove Pin=U?-3 From Net=3V3
Remove Pin=U?-4 From Net=3V3
Remove Pin=U?-11 From Net=3V3
Remove Pin=U?-18 From Net=3V3
Remove Pin=U?-19 From Net=SCL
Remove Pin=U?-20 From Net=SDA
Remove Pin=U?-28 From Net=3V3
